2025-04-16 09:34:36.528 +02:00 [INF] - [] Starting 3PS API web host configuration...
2025-04-16 09:34:37.277 +02:00 [INF] - [] Starting application run...
2025-04-16 09:34:37.546 +02:00 [INF] - [Microsoft.Hosting.Lifetime] Now listening on: https://localhost:7088
2025-04-16 09:34:37.549 +02:00 [INF] - [Microsoft.Hosting.Lifetime] Now listening on: http://localhost:5168
2025-04-16 09:34:37.650 +02:00 [INF] - [Microsoft.Hosting.Lifetime] Application started. Press Ctrl+C to shut down.
2025-04-16 09:34:37.651 +02:00 [INF] - [Microsoft.Hosting.Lifetime] Hosting environment: Development
2025-04-16 09:34:37.652 +02:00 [INF] - [Microsoft.Hosting.Lifetime] Content root path: C:\Users\Admin\Desktop\3PS_CPAS\3PS
2025-04-16 09:34:38.644 +02:00 [VRB] e6cba90997b4d597d74557ca120c313f-12228c855580a196 [Serilog.AspNetCore.RequestLoggingMiddleware] GET /swagger/index.html responded 200 in 63.8553 ms
2025-04-16 09:34:38.863 +02:00 [VRB] b08b7d8c33ccd126d4f0257d1f0b6a85-a4b4d77354af6cfa [Serilog.AspNetCore.RequestLoggingMiddleware] GET /swagger/v1/swagger.json responded 200 in 117.8691 ms
2025-04-16 09:35:01.476 +02:00 [INF] - [] Starting 3PS API web host configuration...
2025-04-16 09:35:02.162 +02:00 [INF] - [] Starting application run...
2025-04-16 09:35:02.395 +02:00 [INF] - [Microsoft.Hosting.Lifetime] Now listening on: https://localhost:7088
2025-04-16 09:35:02.399 +02:00 [INF] - [Microsoft.Hosting.Lifetime] Now listening on: http://localhost:5168
2025-04-16 09:35:02.482 +02:00 [INF] - [Microsoft.Hosting.Lifetime] Application started. Press Ctrl+C to shut down.
2025-04-16 09:35:02.484 +02:00 [INF] - [Microsoft.Hosting.Lifetime] Hosting environment: Development
2025-04-16 09:35:02.486 +02:00 [INF] - [Microsoft.Hosting.Lifetime] Content root path: C:\Users\Admin\Desktop\3PS_CPAS\3PS
2025-04-16 09:35:03.178 +02:00 [VRB] 8dccdc3a29a39cbbbb7e3487a06bc5be-bfaad9361c5ce8fd [Serilog.AspNetCore.RequestLoggingMiddleware] GET /swagger/index.html responded 200 in 77.4823 ms
2025-04-16 09:35:03.407 +02:00 [VRB] 52a79dd821a25317ab8b8beb6cca15b7-67fc7c73dc40cfc3 [Serilog.AspNetCore.RequestLoggingMiddleware] GET /swagger/v1/swagger.json responded 200 in 119.8190 ms
2025-04-16 09:37:37.933 +02:00 [INF] - [] Starting 3PS API web host configuration...
2025-04-16 09:37:38.487 +02:00 [INF] - [] Starting application run...
2025-04-16 09:37:38.781 +02:00 [INF] - [Microsoft.Hosting.Lifetime] Now listening on: https://localhost:7088
2025-04-16 09:37:38.785 +02:00 [INF] - [Microsoft.Hosting.Lifetime] Now listening on: http://localhost:5168
2025-04-16 09:37:38.976 +02:00 [INF] - [Microsoft.Hosting.Lifetime] Application started. Press Ctrl+C to shut down.
2025-04-16 09:37:38.980 +02:00 [INF] - [Microsoft.Hosting.Lifetime] Hosting environment: Development
2025-04-16 09:37:38.982 +02:00 [INF] - [Microsoft.Hosting.Lifetime] Content root path: C:\Users\Admin\Desktop\3PS_CPAS\3PS
2025-04-16 09:37:39.720 +02:00 [VRB] b985f5f089c63465ed0bd975b74e929d-e313ffb942258305 [Serilog.AspNetCore.RequestLoggingMiddleware] GET /swagger/index.html responded 200 in 148.2690 ms
2025-04-16 09:37:40.011 +02:00 [VRB] 36a846f4bf4b04209d17bc7e2e635829-4c50eb5faba4d7c2 [Serilog.AspNetCore.RequestLoggingMiddleware] GET /swagger/v1/swagger.json responded 200 in 118.7193 ms
2025-04-16 09:39:58.256 +02:00 [INF] - [] Starting 3PS API web host configuration...
2025-04-16 09:39:59.037 +02:00 [INF] - [] Starting application run...
2025-04-16 09:39:59.259 +02:00 [INF] - [Microsoft.Hosting.Lifetime] Now listening on: https://localhost:7088
2025-04-16 09:39:59.262 +02:00 [INF] - [Microsoft.Hosting.Lifetime] Now listening on: http://localhost:5168
2025-04-16 09:39:59.335 +02:00 [INF] - [Microsoft.Hosting.Lifetime] Application started. Press Ctrl+C to shut down.
2025-04-16 09:39:59.336 +02:00 [INF] - [Microsoft.Hosting.Lifetime] Hosting environment: Development
2025-04-16 09:39:59.337 +02:00 [INF] - [Microsoft.Hosting.Lifetime] Content root path: C:\Users\Admin\Desktop\3PS_CPAS\3PS
2025-04-16 09:39:59.956 +02:00 [VRB] 9ab0f09d5d007597204f6b1be7319909-3be8d4b6e5965815 [Serilog.AspNetCore.RequestLoggingMiddleware] GET /swagger/index.html responded 200 in 54.0636 ms
2025-04-16 09:40:00.165 +02:00 [VRB] 6f4a7e38e39fa116efd0852f0add26f3-1668c20b7333f310 [Serilog.AspNetCore.RequestLoggingMiddleware] GET /swagger/v1/swagger.json responded 200 in 106.6738 ms
2025-04-16 09:42:41.337 +02:00 [INF] - [] Starting 3PS API web host configuration...
2025-04-16 09:42:42.237 +02:00 [INF] - [] Starting application run...
2025-04-16 09:42:42.610 +02:00 [INF] - [Microsoft.Hosting.Lifetime] Now listening on: https://localhost:7088
2025-04-16 09:42:42.613 +02:00 [INF] - [Microsoft.Hosting.Lifetime] Now listening on: http://localhost:5168
2025-04-16 09:42:42.763 +02:00 [INF] - [Microsoft.Hosting.Lifetime] Application started. Press Ctrl+C to shut down.
2025-04-16 09:42:42.776 +02:00 [INF] - [Microsoft.Hosting.Lifetime] Hosting environment: Development
2025-04-16 09:42:42.777 +02:00 [INF] - [Microsoft.Hosting.Lifetime] Content root path: C:\Users\Admin\Desktop\3PS_CPAS\3PS
2025-04-16 09:42:43.842 +02:00 [INF] 1f64a85143cd943bebf984537a52743e-5f8f40fb811e6ab9 [] SwaggerGen configured to use XML comments from: C:\Users\Admin\Desktop\3PS_CPAS\3PS\bin\Debug\net8.0\3PS.xml
2025-04-16 09:42:44.051 +02:00 [VRB] 1f64a85143cd943bebf984537a52743e-5f8f40fb811e6ab9 [Serilog.AspNetCore.RequestLoggingMiddleware] GET /swagger/index.html responded 200 in 253.2525 ms
2025-04-16 09:42:44.383 +02:00 [VRB] f78bf329160c2596447bb1076d271e4d-1993836c301f52ef [Serilog.AspNetCore.RequestLoggingMiddleware] GET /swagger/v1/swagger.json responded 200 in 195.4472 ms
2025-04-16 09:44:01.068 +02:00 [WRN] 450da1e99c6950974abb3d2b4a2cd5ab-f5f09db06a93be84 [Microsoft.EntityFrameworkCore.Model.Validation] No store type was specified for the decimal property 'Ticket' on entity type 'VaccineReporting'. This will cause values to be silently truncated if they do not fit in the default precision and scale. Explicitly specify the SQL server column type that can accommodate all the values in 'OnModelCreating' using 'HasColumnType', specify precision and scale using 'HasPrecision', or configure a value converter using 'HasConversion'.
2025-04-16 09:44:01.070 +02:00 [WRN] 450da1e99c6950974abb3d2b4a2cd5ab-f5f09db06a93be84 [Microsoft.EntityFrameworkCore.Model.Validation] No store type was specified for the decimal property 'Ticket' on entity type 'VwVaccineBatchSend'. This will cause values to be silently truncated if they do not fit in the default precision and scale. Explicitly specify the SQL server column type that can accommodate all the values in 'OnModelCreating' using 'HasColumnType', specify precision and scale using 'HasPrecision', or configure a value converter using 'HasConversion'.
2025-04-16 09:44:01.777 +02:00 [INF] 450da1e99c6950974abb3d2b4a2cd5ab-f5f09db06a93be84 [_3PS.Controllers.ReportingController] Successfully saved vaccine report with RECNUM: 1
2025-04-16 09:44:01.795 +02:00 [VRB] 450da1e99c6950974abb3d2b4a2cd5ab-f5f09db06a93be84 [Serilog.AspNetCore.RequestLoggingMiddleware] POST /api/Reporting/Vaccine responded 200 in 1422.2441 ms
2025-04-16 09:44:14.885 +02:00 [INF] 672f0970236fb76fca596de8b946b9cf-eef1f8fb6dcd6973 [_3PS.Controllers.ReportingController] Successfully saved vaccine report with RECNUM: 2
2025-04-16 09:44:14.888 +02:00 [VRB] 672f0970236fb76fca596de8b946b9cf-eef1f8fb6dcd6973 [Serilog.AspNetCore.RequestLoggingMiddleware] POST /api/Reporting/Vaccine responded 200 in 85.2806 ms
2025-04-16 09:44:52.335 +02:00 [INF] aa813bf0542bde614a6c0e0b9ad23a2d-76b6e69c6eb6f07b [_3PS.Controllers.ReportingController] Successfully saved vaccine report with RECNUM: 3
2025-04-16 09:44:54.932 +02:00 [VRB] aa813bf0542bde614a6c0e0b9ad23a2d-76b6e69c6eb6f07b [Serilog.AspNetCore.RequestLoggingMiddleware] POST /api/Reporting/Vaccine responded 200 in 5536.1018 ms
2025-04-16 09:48:06.410 +02:00 [INF] - [] Starting 3PS API web host configuration...
2025-04-16 09:48:07.528 +02:00 [INF] - [] Starting application run...
2025-04-16 09:48:07.858 +02:00 [INF] - [Microsoft.Hosting.Lifetime] Now listening on: https://localhost:7088
2025-04-16 09:48:07.867 +02:00 [INF] - [Microsoft.Hosting.Lifetime] Now listening on: http://localhost:5168
2025-04-16 09:48:08.018 +02:00 [INF] - [Microsoft.Hosting.Lifetime] Application started. Press Ctrl+C to shut down.
2025-04-16 09:48:08.022 +02:00 [INF] - [Microsoft.Hosting.Lifetime] Hosting environment: Development
2025-04-16 09:48:08.024 +02:00 [INF] - [Microsoft.Hosting.Lifetime] Content root path: C:\Users\Admin\Desktop\3PS_CPAS\3PS
2025-04-16 09:48:08.910 +02:00 [INF] 8ad627851b4bc3d8edfea6729a6a4690-63a196197602cc98 [] SwaggerGen configured to use XML comments from: C:\Users\Admin\Desktop\3PS_CPAS\3PS\bin\Debug\net8.0\3PS.xml
2025-04-16 09:48:09.052 +02:00 [VRB] 8ad627851b4bc3d8edfea6729a6a4690-63a196197602cc98 [Serilog.AspNetCore.RequestLoggingMiddleware] GET /swagger/index.html responded 200 in 176.8025 ms
2025-04-16 09:48:09.401 +02:00 [VRB] 2376a6e766302e4be6b1be777cb39cfc-92f0cef7c8474048 [Serilog.AspNetCore.RequestLoggingMiddleware] GET /swagger/v1/swagger.json responded 200 in 214.1926 ms
2025-04-16 09:48:14.792 +02:00 [WRN] 654ce18149ccdbc6a2d1491e4a7bc695-1c76ef7615c4cdd6 [Microsoft.EntityFrameworkCore.Model.Validation] No store type was specified for the decimal property 'Ticket' on entity type 'VaccineReporting'. This will cause values to be silently truncated if they do not fit in the default precision and scale. Explicitly specify the SQL server column type that can accommodate all the values in 'OnModelCreating' using 'HasColumnType', specify precision and scale using 'HasPrecision', or configure a value converter using 'HasConversion'.
2025-04-16 09:48:14.794 +02:00 [WRN] 654ce18149ccdbc6a2d1491e4a7bc695-1c76ef7615c4cdd6 [Microsoft.EntityFrameworkCore.Model.Validation] No store type was specified for the decimal property 'Ticket' on entity type 'VwVaccineBatchSend'. This will cause values to be silently truncated if they do not fit in the default precision and scale. Explicitly specify the SQL server column type that can accommodate all the values in 'OnModelCreating' using 'HasColumnType', specify precision and scale using 'HasPrecision', or configure a value converter using 'HasConversion'.
2025-04-16 09:48:15.641 +02:00 [INF] 654ce18149ccdbc6a2d1491e4a7bc695-1c76ef7615c4cdd6 [_3PS.Controllers.ReportingController] Successfully saved vaccine report with RECNUM: 4
2025-04-16 09:48:15.677 +02:00 [VRB] 654ce18149ccdbc6a2d1491e4a7bc695-1c76ef7615c4cdd6 [Serilog.AspNetCore.RequestLoggingMiddleware] POST /api/Reporting/Vaccine responded 200 in 3153.0490 ms
